<?xml version="1.0" encoding="UTF-8"?>
<!-- Generated by org.testng.reporters.JUnitReportReporter -->
<testsuite skipped="0" hostname="GOYAL-PC" name="com.Google.Test.GET_HeaderTest_Google" tests="1" failures="0" timestamp="20 Dec 2020 13:37:00 GMT" time="10.910" errors="0">
  <testcase name="googleMapTest" time="10.910" classname="com.Google.Test.GET_HeaderTest_Google"/>
</testsuite> <!-- com.Google.Test.GET_HeaderTest_Google -->
